Using pre-set license
Built from '2022.3/staging' branch; Version is '2022.3.7f1 (b16b3b16c7a0) revision 11627323'; Using compiler version '192829333'; Build Type 'Release'
OS: 'Windows 11  (10.0.26200) 64bit Enterprise' Language: 'en' Physical Memory: 63120 MB
BatchMode: 1, IsHumanControllingUs: 0, StartBugReporterOnCrash: 0, Is64bit: 1, IsPro: 1

COMMAND LINE ARGUMENTS:
C:\Program Files\Unity\Hub\Editor\2022.3.7f1\Editor\Unity.exe
-adb2
-batchMode
-noUpm
-name
AssetImportWorker1
-projectPath
C:/Users/user-admin/Desktop/Danielle/GameJamMOTHS/FlutterbyFarms
-logFile
Logs/AssetImportWorker1.log
-srvPort
58515
Successfully changed project path to: C:/Users/user-admin/Desktop/Danielle/GameJamMOTHS/FlutterbyFarms
C:/Users/user-admin/Desktop/Danielle/GameJamMOTHS/FlutterbyFarms
[UnityMemory] Configuration Parameters - Can be set up in boot.config
    "memorysetup-bucket-allocator-granularity=16"
    "memorysetup-bucket-allocator-bucket-count=8"
    "memorysetup-bucket-allocator-block-size=33554432"
    "memorysetup-bucket-allocator-block-count=8"
    "memorysetup-main-allocator-block-size=16777216"
    "memorysetup-thread-allocator-block-size=16777216"
    "memorysetup-gfx-main-allocator-block-size=16777216"
    "memorysetup-gfx-thread-allocator-block-size=16777216"
    "memorysetup-cache-allocator-block-size=4194304"
    "memorysetup-typetree-allocator-block-size=2097152"
    "memorysetup-profiler-bucket-allocator-granularity=16"
    "memorysetup-profiler-bucket-allocator-bucket-count=8"
    "memorysetup-profiler-bucket-allocator-block-size=33554432"
    "memorysetup-profiler-bucket-allocator-block-count=8"
    "memorysetup-profiler-allocator-block-size=16777216"
    "memorysetup-profiler-editor-allocator-block-size=1048576"
    "memorysetup-temp-allocator-size-main=16777216"
    "memorysetup-job-temp-allocator-block-size=2097152"
    "memorysetup-job-temp-allocator-block-size-background=1048576"
    "memorysetup-job-temp-allocator-reduction-small-platforms=262144"
    "memorysetup-allocator-temp-initial-block-size-main=262144"
    "memorysetup-allocator-temp-initial-block-size-worker=262144"
    "memorysetup-temp-allocator-size-background-worker=32768"
    "memorysetup-temp-allocator-size-job-worker=262144"
    "memorysetup-temp-allocator-size-preload-manager=33554432"
    "memorysetup-temp-allocator-size-nav-mesh-worker=65536"
    "memorysetup-temp-allocator-size-audio-worker=65536"
    "memorysetup-temp-allocator-size-cloud-worker=32768"
    "memorysetup-temp-allocator-size-gi-baking-worker=262144"
    "memorysetup-temp-allocator-size-gfx=262144"
Player connection [41548] Host "[IP] 10.42.42.129 [Port] 0 [Flags] 2 [Guid] 769830812 [EditorId] 769830812 [Version] 1048832 [Id] WindowsEditor(7,VIZ-3DSIM-03) [Debug] 1 [PackageName] WindowsEditor [ProjectName] Editor" joined multi-casting on [225.0.0.222:54997]...

Player connection [41548] Host "[IP] 10.42.42.129 [Port] 0 [Flags] 2 [Guid] 769830812 [EditorId] 769830812 [Version] 1048832 [Id] WindowsEditor(7,VIZ-3DSIM-03) [Debug] 1 [PackageName] WindowsEditor [ProjectName] Editor" joined alternative multi-casting on [225.0.0.222:34997]...

Refreshing native plugins compatible for Editor in 6.96 ms, found 4 plugins.
Preloading 0 native plugins for Editor in 0.00 ms.
Initialize engine version: 2022.3.7f1 (b16b3b16c7a0)
[Subsystems] Discovering subsystems at path C:/Program Files/Unity/Hub/Editor/2022.3.7f1/Editor/Data/Resources/UnitySubsystems
[Subsystems] Discovering subsystems at path C:/Users/user-admin/Desktop/Danielle/GameJamMOTHS/FlutterbyFarms/Assets
GfxDevice: creating device client; threaded=0; jobified=0
Direct3D:
    Version:  Direct3D 11.0 [level 11.1]
    Renderer: NVIDIA GeForce RTX 5070 Ti (ID=0x2c05)
    Vendor:   NVIDIA
    VRAM:     15995 MB
    Driver:   32.0.15.9186
Initialize mono
Mono path[0] = 'C:/Program Files/Unity/Hub/Editor/2022.3.7f1/Editor/Data/Managed'
Mono path[1] = 'C:/Program Files/Unity/Hub/Editor/2022.3.7f1/Editor/Data/MonoBleedingEdge/lib/mono/unityjit-win32'
Mono config path = 'C:/Program Files/Unity/Hub/Editor/2022.3.7f1/Editor/Data/MonoBleedingEdge/etc'
Using monoOptions --debugger-agent=transport=dt_socket,embedding=1,server=y,suspend=n,address=127.0.0.1:56492
Begin MonoManager ReloadAssembly
Registering precompiled unity dll's ...
Register platform support module: C:/Program Files/Unity/Hub/Editor/2022.3.7f1/Editor/Data/PlaybackEngines/WindowsStandaloneSupport/UnityEditor.WindowsStandalone.Extensions.dll
Registered in 0.005207 seconds.
- Loaded All Assemblies, in  0.188 seconds
Native extension for WindowsStandalone target not found
Mono: successfully reloaded assembly
- Finished resetting the current domain, in  0.118 seconds
Domain Reload Profiling: 305ms
	BeginReloadAssembly (53ms)
		ExecutionOrderSort (0ms)
		DisableScriptedObjects (0ms)
		BackupInstance (0ms)
		ReleaseScriptingObjects (0ms)
		CreateAndSetChildDomain (0ms)
	RebuildCommonClasses (18ms)
	RebuildNativeTypeToScriptingClass (5ms)
	initialDomainReloadingComplete (37ms)
	LoadAllAssembliesAndSetupDomain (72ms)
		LoadAssemblies (52ms)
		RebuildTransferFunctionScriptingTraits (0ms)
		AnalyzeDomain (71ms)
			TypeCache.Refresh (70ms)
				TypeCache.ScanAssembly (62ms)
			ScanForSourceGeneratedMonoScriptInfo (0ms)
			ResolveRequiredComponents (0ms)
	FinalizeReload (118ms)
		ReleaseScriptCaches (0ms)
		RebuildScriptCaches (0ms)
		SetupLoadedEditorAssemblies (90ms)
			LogAssemblyErrors (0ms)
			InitializePlatformSupportModulesInManaged (5ms)
			SetLoadedEditorAssemblies (4ms)
			RefreshPlugins (0ms)
			BeforeProcessingInitializeOnLoad (1ms)
			ProcessInitializeOnLoadAttributes (58ms)
			ProcessInitializeOnLoadMethodAttributes (22ms)
			AfterProcessingInitializeOnLoad (0ms)
			EditorAssembliesLoaded (0ms)
		ExecutionOrderSort2 (0ms)
		AwakeInstancesAfterBackupRestoration (0ms)
========================================================================
Worker process is ready to serve import requests
Begin MonoManager ReloadAssembly
Symbol file LoadedFromMemory doesn't match image C:\Users\user-admin\Desktop\Danielle\GameJamMOTHS\FlutterbyFarms\Library\PackageCache\com.unity.visualscripting@1.8.0\Editor\VisualScripting.Core\Dependencies\YamlDotNet\Unity.VisualScripting.YamlDotNet.dll
Symbol file LoadedFromMemory doesn't match image C:\Users\user-admin\Desktop\Danielle\GameJamMOTHS\FlutterbyFarms\Library\PackageCache\com.unity.visualscripting@1.8.0\Editor\VisualScripting.Core\Dependencies\DotNetZip\Unity.VisualScripting.IonicZip.dll
- Loaded All Assemblies, in  0.335 seconds
Refreshing native plugins compatible for Editor in 2.91 ms, found 4 plugins.
Native extension for WindowsStandalone target not found
Mono: successfully reloaded assembly
- Finished resetting the current domain, in  0.307 seconds
Domain Reload Profiling: 641ms
	BeginReloadAssembly (84ms)
		ExecutionOrderSort (0ms)
		DisableScriptedObjects (2ms)
		BackupInstance (0ms)
		ReleaseScriptingObjects (0ms)
		CreateAndSetChildDomain (16ms)
	RebuildCommonClasses (19ms)
	RebuildNativeTypeToScriptingClass (5ms)
	initialDomainReloadingComplete (24ms)
	LoadAllAssembliesAndSetupDomain (201ms)
		LoadAssemblies (156ms)
		RebuildTransferFunctionScriptingTraits (0ms)
		AnalyzeDomain (92ms)
			TypeCache.Refresh (81ms)
				TypeCache.ScanAssembly (73ms)
			ScanForSourceGeneratedMonoScriptInfo (7ms)
			ResolveRequiredComponents (2ms)
	FinalizeReload (307ms)
		ReleaseScriptCaches (0ms)
		RebuildScriptCaches (0ms)
		SetupLoadedEditorAssemblies (231ms)
			LogAssemblyErrors (0ms)
			InitializePlatformSupportModulesInManaged (4ms)
			SetLoadedEditorAssemblies (3ms)
			RefreshPlugins (0ms)
			BeforeProcessingInitializeOnLoad (36ms)
			ProcessInitializeOnLoadAttributes (172ms)
			ProcessInitializeOnLoadMethodAttributes (10ms)
			AfterProcessingInitializeOnLoad (7ms)
			EditorAssembliesLoaded (0ms)
		ExecutionOrderSort2 (0ms)
		AwakeInstancesAfterBackupRestoration (4ms)
Launched and connected shader compiler UnityShaderCompiler.exe after 0.03 seconds
Refreshing native plugins compatible for Editor in 4.48 ms, found 4 plugins.
Preloading 0 native plugins for Editor in 0.00 ms.
Unloading 3575 Unused Serialized files (Serialized files now loaded: 0)
Unloading 42 unused Assets / (60.6 KB). Loaded Objects now: 4031.
Memory consumption went from 128.3 MB to 128.3 MB.
Total: 2.183800 ms (FindLiveObjects: 0.227500 ms CreateObjectMapping: 0.040400 ms MarkObjects: 1.819400 ms  DeleteObjects: 0.095100 ms)

AssetImportParameters requested are different than current active one (requested -> active):
  custom:container-demuxer-ogg: 62fdf1f143b41e24485cea50d1cbac27 -> 
  custom:video-decoder-ogg-theora: a1e56fd34408186e4bbccfd4996cb3dc -> 
  custom:framework-win-MediaFoundation: 216162199b28c13a410421893ffa2e32 -> 
  custom:container-demuxer-webm: 4f35f7cbe854078d1ac9338744f61a02 -> 
  custom:container-muxer-webm: aa71ff27fc2769a1b78a27578f13a17b -> 
  custom:video-decoder-webm-vp8: 9c59270c3fd7afecdb556c50c9e8de78 -> 
  custom:AudioImporter_EditorPlatform: d09bf68614088b80899f8185d706f6e7 -> 
  custom:video-encoder-webm-vp8: eb34c28f22e8b96e1ab97ce403110664 -> 
  custom:audio-decoder-ogg-vorbis: bf7c407c2cedff20999df2af8eb42d56 -> 
  custom:audio-encoder-webm-vorbis: bf7c407c2cedff20999df2af8eb42d56 -> 
========================================================================
Received Prepare
Refreshing native plugins compatible for Editor in 3.29 ms, found 4 plugins.
Preloading 0 native plugins for Editor in 0.00 ms.
Unloading 1 Unused Serialized files (Serialized files now loaded: 0)
Unloading 1 unused Assets / (3.0 KB). Loaded Objects now: 4031.
Memory consumption went from 69.4 MB to 69.4 MB.
Total: 2.182700 ms (FindLiveObjects: 0.268400 ms CreateObjectMapping: 0.044500 ms MarkObjects: 1.856400 ms  DeleteObjects: 0.012600 ms)

Prepare: number of updated asset objects reloaded= 0
AssetImportParameters requested are different than current active one (requested -> active):
  custom:container-demuxer-ogg: 62fdf1f143b41e24485cea50d1cbac27 -> 
  custom:video-decoder-ogg-theora: a1e56fd34408186e4bbccfd4996cb3dc -> 
  custom:framework-win-MediaFoundation: 216162199b28c13a410421893ffa2e32 -> 
  custom:CustomObjectIndexerAttribute: 756ad292c208cfabdd7b50bc23989ffe -> 
  custom:container-demuxer-webm: 4f35f7cbe854078d1ac9338744f61a02 -> 
  custom:container-muxer-webm: aa71ff27fc2769a1b78a27578f13a17b -> 
  custom:video-decoder-webm-vp8: 9c59270c3fd7afecdb556c50c9e8de78 -> 
  custom:SearchIndexIgnoredProperties: e643bd26f0fe6173181afceb89e7c659 -> 
  custom:AudioImporter_EditorPlatform: d09bf68614088b80899f8185d706f6e7 -> 
  custom:video-encoder-webm-vp8: eb34c28f22e8b96e1ab97ce403110664 -> 
  custom:audio-decoder-ogg-vorbis: bf7c407c2cedff20999df2af8eb42d56 -> 
  custom:audio-encoder-webm-vorbis: bf7c407c2cedff20999df2af8eb42d56 -> 
========================================================================
Received Import Request.
  Time since last request: 1301542.890973 seconds.
  path: Assets/Scenes/SampleScene 1.unity
  artifactKey: Guid(c2f265449a29cde49be7b9b836eab770) Importer(815301076,1909f56bfc062723c751e8b465ee728b)
Start importing Assets/Scenes/SampleScene 1.unity using Guid(c2f265449a29cde49be7b9b836eab770) Importer(815301076,1909f56bfc062723c751e8b465ee728b)  -> (artifact id: '40441d93b646cf3753a80d19400fa2e9') in 0.002536 seconds
Number of updated asset objects reloaded before import = 0
Number of asset objects unloaded after import = 0
========================================================================
Received Import Request.
  Time since last request: 66.399412 seconds.
  path: Assets/FBX/BIGMOTH.fbx
  artifactKey: Guid(46f7201c43004c241b5de48c2903a053) Importer(815301076,1909f56bfc062723c751e8b465ee728b)
Start importing Assets/FBX/BIGMOTH.fbx using Guid(46f7201c43004c241b5de48c2903a053) Importer(815301076,1909f56bfc062723c751e8b465ee728b)  -> (artifact id: '1c7e34cce0c93ef94f537b7e5fa79140') in 0.116995 seconds
Number of updated asset objects reloaded before import = 0
Number of asset objects unloaded after import = 21
========================================================================
Received Import Request.
  Time since last request: 0.000014 seconds.
  path: Assets/FBX/smallmoth.fbx
  artifactKey: Guid(a953d16e8b6ccc84a9a328c2d2906070) Importer(815301076,1909f56bfc062723c751e8b465ee728b)
Start importing Assets/FBX/smallmoth.fbx using Guid(a953d16e8b6ccc84a9a328c2d2906070) Importer(815301076,1909f56bfc062723c751e8b465ee728b)  -> (artifact id: 'f9b3a718333ac65152391a6512c4cfbb') in 0.056122 seconds
Number of updated asset objects reloaded before import = 0
Number of asset objects unloaded after import = 20
========================================================================
Received Import Request.
  Time since last request: 0.000021 seconds.
  path: Assets/FBX/InitialBase.fbx
  artifactKey: Guid(bd8a342ae4c301a4a8c9d60d41f5eefa) Importer(815301076,1909f56bfc062723c751e8b465ee728b)
Start importing Assets/FBX/InitialBase.fbx using Guid(bd8a342ae4c301a4a8c9d60d41f5eefa) Importer(815301076,1909f56bfc062723c751e8b465ee728b)  -> (artifact id: '47dcc5521cf37d992c1ba8b003ccf144') in 0.095649 seconds
Number of updated asset objects reloaded before import = 0
Number of asset objects unloaded after import = 114
========================================================================
Received Import Request.
  Time since last request: 8.770541 seconds.
  path: Assets/2D UI/New Material.mat
  artifactKey: Guid(6a82d47da793d714f991a4baa0bfcd26) Importer(815301076,1909f56bfc062723c751e8b465ee728b)
Start importing Assets/2D UI/New Material.mat using Guid(6a82d47da793d714f991a4baa0bfcd26) Importer(815301076,1909f56bfc062723c751e8b465ee728b)  -> (artifact id: '5c71367c16313e8157ac83ff91399d7c') in 0.013361 seconds
Number of updated asset objects reloaded before import = 0
Number of asset objects unloaded after import = 2
========================================================================
Received Import Request.
  Time since last request: 0.000014 seconds.
  path: Assets/2D UI/TempBuyTowerUI.png
  artifactKey: Guid(79d8ccaaa1570a3409061376702217cc) Importer(815301076,1909f56bfc062723c751e8b465ee728b)
Start importing Assets/2D UI/TempBuyTowerUI.png using Guid(79d8ccaaa1570a3409061376702217cc) Importer(815301076,1909f56bfc062723c751e8b465ee728b)  -> (artifact id: 'cae02ff427265354d8a728985beb2905') in 0.034352 seconds
Number of updated asset objects reloaded before import = 0
Number of asset objects unloaded after import = 3
========================================================================
Received Import Request.
  Time since last request: 0.000012 seconds.
  path: Assets/2D UI/UIpurchaseBorder.png
  artifactKey: Guid(05f96c103d5a5f045af5518583277e49) Importer(815301076,1909f56bfc062723c751e8b465ee728b)
Start importing Assets/2D UI/UIpurchaseBorder.png using Guid(05f96c103d5a5f045af5518583277e49) Importer(815301076,1909f56bfc062723c751e8b465ee728b)  -> (artifact id: '8e1a28e4d5e8616ff91827b2acf58e30') in 0.031624 seconds
Number of updated asset objects reloaded before import = 0
Number of asset objects unloaded after import = 3
========================================================================
Received Import Request.
  Time since last request: 12.977722 seconds.
  path: Assets/Textures/barn_DefaultMaterial_MetallicSmoothness.1001.png
  artifactKey: Guid(68c0d5f5c0e012948b7e267933079d6e) Importer(815301076,1909f56bfc062723c751e8b465ee728b)
Start importing Assets/Textures/barn_DefaultMaterial_MetallicSmoothness.1001.png using Guid(68c0d5f5c0e012948b7e267933079d6e) Importer(815301076,1909f56bfc062723c751e8b465ee728b)  -> (artifact id: 'a720b35a74350d29043cf72dad233fe1') in 0.013889 seconds
Number of updated asset objects reloaded before import = 0
Number of asset objects unloaded after import = 2
========================================================================
Received Import Request.
  Time since last request: 0.001655 seconds.
  path: Assets/Textures/plane_divided_DefaultMaterial_Normal.png
  artifactKey: Guid(5c317c2685e652e48884f4e350908852) Importer(815301076,1909f56bfc062723c751e8b465ee728b)
Start importing Assets/Textures/plane_divided_DefaultMaterial_Normal.png using Guid(5c317c2685e652e48884f4e350908852) Importer(815301076,1909f56bfc062723c751e8b465ee728b)  -> (artifact id: '7b95b46d1422c090d0591f7b3bce65b2') in 0.023091 seconds
Number of updated asset objects reloaded before import = 0
Number of asset objects unloaded after import = 2
========================================================================
Received Import Request.
  Time since last request: 0.000019 seconds.
  path: Assets/Textures/siloRegular_DefaultMaterial_MetallicSmoothness.1001.png
  artifactKey: Guid(0df24c016bed2b94c879dea2c6d55286) Importer(815301076,1909f56bfc062723c751e8b465ee728b)
Start importing Assets/Textures/siloRegular_DefaultMaterial_MetallicSmoothness.1001.png using Guid(0df24c016bed2b94c879dea2c6d55286) Importer(815301076,1909f56bfc062723c751e8b465ee728b)  -> (artifact id: 'd5253ceb89271eabfcdbf03b0c5c3faa') in 0.016778 seconds
Number of updated asset objects reloaded before import = 0
Number of asset objects unloaded after import = 2
========================================================================
Received Import Request.
  Time since last request: 0.000017 seconds.
  path: Assets/Textures/plane_divided_DefaultMaterial_MetallicSmoothness.png
  artifactKey: Guid(3cc631988e1c8264bb84e15e51dff999) Importer(815301076,1909f56bfc062723c751e8b465ee728b)
Start importing Assets/Textures/plane_divided_DefaultMaterial_MetallicSmoothness.png using Guid(3cc631988e1c8264bb84e15e51dff999) Importer(815301076,1909f56bfc062723c751e8b465ee728b)  -> (artifact id: '43489be8476c99bd8c38cc01e87daa57') in 0.010753 seconds
Number of updated asset objects reloaded before import = 0
Number of asset objects unloaded after import = 2
========================================================================
Received Import Request.
  Time since last request: 0.000017 seconds.
  path: Assets/Textures/siloRegular_DefaultMaterial_Normal.1001.png
  artifactKey: Guid(81936895397d99744acd9913ef49210c) Importer(815301076,1909f56bfc062723c751e8b465ee728b)
Start importing Assets/Textures/siloRegular_DefaultMaterial_Normal.1001.png using Guid(81936895397d99744acd9913ef49210c) Importer(815301076,1909f56bfc062723c751e8b465ee728b)  -> (artifact id: '6f1853ed90f1720b489a3e871360e07c') in 0.014693 seconds
Number of updated asset objects reloaded before import = 0
Number of asset objects unloaded after import = 2
========================================================================
Received Import Request.
  Time since last request: 0.000029 seconds.
  path: Assets/Textures/waterTowerRegular_DefaultMaterial_Normal.1001.png
  artifactKey: Guid(84764e803a56432428d0e514393a776c) Importer(815301076,1909f56bfc062723c751e8b465ee728b)
Start importing Assets/Textures/waterTowerRegular_DefaultMaterial_Normal.1001.png using Guid(84764e803a56432428d0e514393a776c) Importer(815301076,1909f56bfc062723c751e8b465ee728b)  -> (artifact id: '95b207bca54ec56f5d59215f1169c7b5') in 0.013676 seconds
Number of updated asset objects reloaded before import = 0
Number of asset objects unloaded after import = 2
Editor requested this worker to shutdown with reason: Scaling down because of idle timeout
TcpMessagingSession - receive error: operation aborted. errorcode: 995, details: The I/O operation has been aborted because of either a thread exit or an application request.
AssetImportWorker is now disconnected from the server
Process exiting
Exiting without the bug reporter. Application will terminate with return code 0